Step: build-step-credential-initializer:

{"level":"warn","ts":1555463250.424434,"logger":"fallback-logger","caller":"logging/config.go:65","msg":"Fetch GitHub commit ID from kodata failed: \"ref: refs/heads/test\" is not a valid GitHub commit ID"}
{"level":"info","ts":1555463250.4250333,"logger":"fallback-logger","caller":"creds-init/main.go:40","msg":"Credentials initialized."}
Step: build-step-git-source-0:

{"level":"warn","ts":1555463251.8919697,"logger":"fallback-logger","caller":"logging/config.go:65","msg":"Fetch GitHub commit ID from kodata failed: \"ref: refs/heads/test\" is not a valid GitHub commit ID"}
{"level":"info","ts":1555463252.1961868,"logger":"fallback-logger","caller":"git-init/main.go:92","msg":"Successfully cloned \"https://github.com/jlushington/evntxzcp.git\" @ \"b6f92bced91eb40b9d20daa987da917ef41b6552\" in path \"/workspace\""}
Step: build-step-jenkins:

Picked up _JAVA_OPTIONS: -Xmx400m
  12.928 [id=23]	WARNING	c.c.j.p.k.KubernetesCredentialProvider#convertSecret: Failed to convert Secret 'kaniko-secret' of type secretText due to secretText credential is missing the text
Started
Running in Durability level: PERFORMANCE_OPTIMIZED
  17.321 [id=19]	WARNING	i.f.k.c.i.VersionUsageUtils#alert: The client is using resource type 'customresourcedefinitions' with unstable version 'v1beta1'
[Pipeline] Start of Pipeline
[Pipeline] node
Running on Jenkins in /tmp/jenkinsTests.tmp/jenkins8478168001057242356test/workspace/job
[Pipeline] {
[Pipeline] stage
[Pipeline] { (Declarative: Checkout SCM)
[Pipeline] checkout
[Pipeline] }
[Pipeline] // stage
[Pipeline] withCredentials
[Pipeline] {
[Pipeline] withEnv
[Pipeline] {
[Pipeline] stage
[Pipeline] { (CI Build and push snapshot)
Stage "CI Build and push snapshot" skipped due to when conditional
[Pipeline] }
[Pipeline] // stage
[Pipeline] stage
[Pipeline] { (Build Release)
[Pipeline] git
 > git rev-parse --is-inside-work-tree # timeout=10
Fetching changes from the remote Git repository
 > git config remote.origin.url https://github.com/jlushington/evntxzcp.git # timeout=10
Fetching upstream changes from https://github.com/jlushington/evntxzcp.git
 > git --version # timeout=10
 > git fetch --tags --progress https://github.com/jlushington/evntxzcp.git +refs/heads/*:refs/remotes/origin/*
 > git rev-parse refs/remotes/origin/master^{commit} # timeout=10
 > git rev-parse refs/remotes/origin/origin/master^{commit} # timeout=10
Checking out Revision b6f92bced91eb40b9d20daa987da917ef41b6552 (refs/remotes/origin/master)
 > git config core.sparsecheckout # timeout=10
 > git checkout -f b6f92bced91eb40b9d20daa987da917ef41b6552
 > git branch -a -v --no-abbrev # timeout=10
 > git branch -D master # timeout=10
 > git checkout -b master b6f92bced91eb40b9d20daa987da917ef41b6552
Commit message: "update"
First time build. Skipping changelog.
[Pipeline] sh
+ jx-release-version
+ echo 0.0.16
[Pipeline] sh
+ cat VERSION
+ jx step tag --version 0.0.16
Tag v0.0.16 created and pushed to remote origin
[Pipeline] sh
+ npm set progress=false
[Pipeline] sh
+ npm install
npm WARN notice [SECURITY] webpack-dev-server has the following vulnerability: 1 high. Go here for more details: https://nodesecurity.io/advisories?search=webpack-dev-server&version=2.9.4 - Run `npm i npm@latest -g` to upgrade your npm version, and then `npm audit` to get more info.

> uglifyjs-webpack-plugin@0.4.6 postinstall /tmp/jenkinsTests.tmp/jenkins8478168001057242356test/workspace/job/node_modules/uglifyjs-webpack-plugin
> node lib/post_install.js

npm WARN optional SKIPPING OPTIONAL DEPENDENCY: fsevents@1.2.7 (node_modules/fsevents):
npm WARN notsup SKIPPING OPTIONAL DEPENDENCY: Unsupported platform for fsevents@1.2.7: wanted {"os":"darwin","arch":"any"} (current: {"os":"linux","arch":"x64"})

added 1432 packages in 24.806s
[Pipeline] sh
+ CI=true DISPLAY=:99 npm test

> evntxz-cp@0.1.0 test /tmp/jenkinsTests.tmp/jenkins8478168001057242356test/workspace/job
> react-scripts test --env=jsdom

 FAIL  src/components/App.test.js
  ‚óè Test suite failed to run

    Cannot find module 'react-file-base64' from 'ProductAdd.js'
      
      at Resolver.resolveModule (node_modules/jest-resolve/build/index.js:179:17)
      at Object.<anonymous> (src/components/Pages/Products/ProductAdd.js:2:22)

Test Suites: 1 failed, 1 total
Tests:       0 total
Snapshots:   0 total
Time:        2.565s
Ran all test suites.
npm ERR! Test failed.  See above for more details.
[Pipeline] }
[Pipeline] // stage
[Pipeline] stage
[Pipeline] { (Promote to Environments)
Stage "Promote to Environments" skipped due to earlier failure(s)
[Pipeline] }
[Pipeline] // stage
[Pipeline] }
[Pipeline] // withEnv
[Pipeline] }
[Pipeline] // withCredentials
[Pipeline] }
[Pipeline] // node
[Pipeline] End of Pipeline
ERROR: script returned exit code 1
Finished: FAILURE
